1550411518694	mozrunner::runner	INFO	Running command: "/Applications/Firefox.app/Contents/MacOS/firefox-bin" "-marionette" "-foreground" "-no-remote" "-profile" "/var/folders/yg/y4my5m8x7qs5s1_660ftl40h0000gn/T/rust_mozprofile.hB6HQgNhdRYg"
1550411519208	addons.webextension.screenshots@mozilla.org	WARN	Loading extension 'screenshots@mozilla.org': Reading manifest: Invalid host permission: resource://pdf.js/
1550411519209	addons.webextension.screenshots@mozilla.org	WARN	Loading extension 'screenshots@mozilla.org': Reading manifest: Invalid host permission: about:reader*
Can't find symbol 'GetGraphicsResetStatus'.
Can't find symbol 'GetGraphicsResetStatus'.
1550411520925	Marionette	INFO	Listening on port 52323
1550411520954	Marionette	WARN	TLS certificate errors will be ignored for this session
1550411538298	mozrunner::runner	INFO	Running command: "/Applications/Firefox.app/Contents/MacOS/firefox-bin" "-marionette" "-foreground" "-no-remote" "-profile" "/var/folders/yg/y4my5m8x7qs5s1_660ftl40h0000gn/T/rust_mozprofile.EH3LHpUDQ1V4"
1550411538808	addons.webextension.screenshots@mozilla.org	WARN	Loading extension 'screenshots@mozilla.org': Reading manifest: Invalid host permission: resource://pdf.js/
1550411538809	addons.webextension.screenshots@mozilla.org	WARN	Loading extension 'screenshots@mozilla.org': Reading manifest: Invalid host permission: about:reader*
Can't find symbol 'GetGraphicsResetStatus'.
1550411540285	Marionette	INFO	Listening on port 52366
1550411540346	Marionette	WARN	TLS certificate errors will be ignored for this session
1550411566180	mozrunner::runner	INFO	Running command: "/Applications/Firefox.app/Contents/MacOS/firefox-bin" "-marionette" "-foreground" "-no-remote" "-profile" "/var/folders/yg/y4my5m8x7qs5s1_660ftl40h0000gn/T/rust_mozprofile.qXqnqvI1i537"
1550411566753	addons.webextension.screenshots@mozilla.org	WARN	Loading extension 'screenshots@mozilla.org': Reading manifest: Invalid host permission: resource://pdf.js/
1550411566755	addons.webextension.screenshots@mozilla.org	WARN	Loading extension 'screenshots@mozilla.org': Reading manifest: Invalid host permission: about:reader*
Can't find symbol 'GetGraphicsResetStatus'.
1550411568358	Marionette	INFO	Listening on port 52409
1550411568450	Marionette	WARN	TLS certificate errors will be ignored for this session
JavaScript error: https://ss1.bdstatic.com/5eN1bjq8AAUYm2zgoY3K/r/www/cache/static/protocol/https/plugins/every_cookie_mac_82990d4.js, line 4: ReferenceError: c is not defined
1550411569529	Marionette	INFO	Stopped listening on port 52409
1550412054871	mozrunner::runner	INFO	Running command: "/Applications/Firefox.app/Contents/MacOS/firefox-bin" "-marionette" "-foreground" "-no-remote" "-profile" "/var/folders/yg/y4my5m8x7qs5s1_660ftl40h0000gn/T/rust_mozprofile.RhRtrXNrG5rR"
1550412055282	addons.webextension.screenshots@mozilla.org	WARN	Loading extension 'screenshots@mozilla.org': Reading manifest: Invalid host permission: resource://pdf.js/
1550412055283	addons.webextension.screenshots@mozilla.org	WARN	Loading extension 'screenshots@mozilla.org': Reading manifest: Invalid host permission: about:reader*
Can't find symbol 'GetGraphicsResetStatus'.
1550412056675	Marionette	INFO	Listening on port 52724
1550412056726	Marionette	WARN	TLS certificate errors will be ignored for this session
JavaScript error: https://ss1.bdstatic.com/5eN1bjq8AAUYm2zgoY3K/r/www/cache/static/protocol/https/plugins/every_cookie_mac_82990d4.js, line 4: ReferenceError: c is not defined
1550412060803	Marionette	INFO	Stopped listening on port 52724
1550412089778	mozrunner::runner	INFO	Running command: "/Applications/Firefox.app/Contents/MacOS/firefox-bin" "-marionette" "-foreground" "-no-remote" "-profile" "/var/folders/yg/y4my5m8x7qs5s1_660ftl40h0000gn/T/rust_mozprofile.ksNp3p696VRr"
1550412090255	addons.webextension.screenshots@mozilla.org	WARN	Loading extension 'screenshots@mozilla.org': Reading manifest: Invalid host permission: resource://pdf.js/
1550412090255	addons.webextension.screenshots@mozilla.org	WARN	Loading extension 'screenshots@mozilla.org': Reading manifest: Invalid host permission: about:reader*
Can't find symbol 'GetGraphicsResetStatus'.
1550412091653	Marionette	INFO	Listening on port 52772
1550412091717	Marionette	WARN	TLS certificate errors will be ignored for this session
JavaScript error: https://ss1.bdstatic.com/5eN1bjq8AAUYm2zgoY3K/r/www/cache/static/protocol/https/plugins/every_cookie_mac_82990d4.js, line 4: ReferenceError: c is not defined
1550412097725	Marionette	INFO	Stopped listening on port 52772
1550412470745	mozrunner::runner	INFO	Running command: "/Applications/Firefox.app/Contents/MacOS/firefox-bin" "-marionette" "-foreground" "-no-remote" "-profile" "/var/folders/yg/y4my5m8x7qs5s1_660ftl40h0000gn/T/rust_mozprofile.XfT68LgQUZzV"
1550412471186	addons.webextension.screenshots@mozilla.org	WARN	Loading extension 'screenshots@mozilla.org': Reading manifest: Invalid host permission: resource://pdf.js/
1550412471186	addons.webextension.screenshots@mozilla.org	WARN	Loading extension 'screenshots@mozilla.org': Reading manifest: Invalid host permission: about:reader*
Can't find symbol 'GetGraphicsResetStatus'.
1550412472508	Marionette	INFO	Listening on port 52960
1550412472601	Marionette	WARN	TLS certificate errors will be ignored for this session
JavaScript error: https://ss1.bdstatic.com/5eN1bjq8AAUYm2zgoY3K/r/www/cache/static/protocol/https/plugins/every_cookie_mac_82990d4.js, line 4: ReferenceError: c is not defined
1550412478686	Marionette	INFO	Stopped listening on port 52960
1550412486216	mozrunner::runner	INFO	Running command: "/Applications/Firefox.app/Contents/MacOS/firefox-bin" "-marionette" "-foreground" "-no-remote" "-profile" "/var/folders/yg/y4my5m8x7qs5s1_660ftl40h0000gn/T/rust_mozprofile.py1Bb0gSz2fj"
1550412486635	addons.webextension.screenshots@mozilla.org	WARN	Loading extension 'screenshots@mozilla.org': Reading manifest: Invalid host permission: resource://pdf.js/
1550412486635	addons.webextension.screenshots@mozilla.org	WARN	Loading extension 'screenshots@mozilla.org': Reading manifest: Invalid host permission: about:reader*
Can't find symbol 'GetGraphicsResetStatus'.
1550412487978	Marionette	INFO	Listening on port 53004
1550412488078	Marionette	WARN	TLS certificate errors will be ignored for this session
JavaScript error: https://ss1.bdstatic.com/5eN1bjq8AAUYm2zgoY3K/r/www/cache/static/protocol/https/plugins/every_cookie_mac_82990d4.js, line 4: ReferenceError: c is not defined
1550412489148	Marionette	INFO	Stopped listening on port 53004
Can't find symbol 'GetGraphicsResetStatus'.
1550412857554	Marionette	INFO	Stopped listening on port 52323
1550412858990	Marionette	INFO	Stopped listening on port 52366
